{"/Users/agoodall/Personalproj/mot-cert-support-app-js/src/index.js": {"path":"/Users/agoodall/Personalproj/mot-cert-support-app-js/src/index.js","statementMap":{"0":{"start":{"line":5,"column":13},"end":{"line":5,"column":65}},"1":{"start":{"line":6,"column":0},"end":{"line":10,"column":2}}},"fnMap":{},"branchMap":{},"s":{"0":0,"1":0},"f":{},"b":{}}
,"/Users/agoodall/Personalproj/mot-cert-support-app-js/src/setupProxy.js": {"path":"/Users/agoodall/Personalproj/mot-cert-support-app-js/src/setupProxy.js","statementMap":{"0":{"start":{"line":1,"column":34},"end":{"line":1,"column":66}},"1":{"start":{"line":3,"column":0},"end":{"line":11,"column":2}},"2":{"start":{"line":4,"column":2},"end":{"line":10,"column":4}}},"fnMap":{"0":{"name":"(anonymous_0)","decl":{"start":{"line":3,"column":17},"end":{"line":3,"column":18}},"loc":{"start":{"line":3,"column":31},"end":{"line":11,"column":1}},"line":3}},"branchMap":{},"s":{"0":0,"1":0,"2":0},"f":{"0":0},"b":{}}
,"/Users/agoodall/Personalproj/mot-cert-support-app-js/src/components/App.js": {"path":"/Users/agoodall/Personalproj/mot-cert-support-app-js/src/components/App.js","statementMap":{"0":{"start":{"line":15,"column":15},"end":{"line":45,"column":2}},"1":{"start":{"line":48,"column":2},"end":{"line":50,"column":4}}},"fnMap":{"0":{"name":"App","decl":{"start":{"line":47,"column":9},"end":{"line":47,"column":12}},"loc":{"start":{"line":47,"column":15},"end":{"line":51,"column":1}},"line":47}},"branchMap":{},"s":{"0":0,"1":0},"f":{"0":0},"b":{}}
,"/Users/agoodall/Personalproj/mot-cert-support-app-js/src/components/AppHeader.js": {"path":"/Users/agoodall/Personalproj/mot-cert-support-app-js/src/components/AppHeader.js","statementMap":{"0":{"start":{"line":7,"column":4},"end":{"line":17,"column":6}}},"fnMap":{"0":{"name":"AppHeader","decl":{"start":{"line":6,"column":9},"end":{"line":6,"column":18}},"loc":{"start":{"line":6,"column":21},"end":{"line":18,"column":1}},"line":6}},"branchMap":{},"s":{"0":3},"f":{"0":3},"b":{},"_coverageSchema":"1a1c01bbd47fc00a2c39e90264f33305004495a9","hash":"a955d90af80e1666ff0f531708b217343ab03e43"}
,"/Users/agoodall/Personalproj/mot-cert-support-app-js/src/components/Loading.js": {"path":"/Users/agoodall/Personalproj/mot-cert-support-app-js/src/components/Loading.js","statementMap":{"0":{"start":{"line":3,"column":16},"end":{"line":11,"column":1}},"1":{"start":{"line":4,"column":4},"end":{"line":10,"column":6}}},"fnMap":{"0":{"name":"(anonymous_0)","decl":{"start":{"line":3,"column":16},"end":{"line":3,"column":17}},"loc":{"start":{"line":3,"column":22},"end":{"line":11,"column":1}},"line":3}},"branchMap":{},"s":{"0":0,"1":0},"f":{"0":0},"b":{}}
,"/Users/agoodall/Personalproj/mot-cert-support-app-js/src/components/Login.js": {"path":"/Users/agoodall/Personalproj/mot-cert-support-app-js/src/components/Login.js","statementMap":{"0":{"start":{"line":6,"column":30},"end":{"line":6,"column":42}},"1":{"start":{"line":7,"column":36},"end":{"line":7,"column":48}},"2":{"start":{"line":8,"column":30},"end":{"line":8,"column":45}},"3":{"start":{"line":9,"column":30},"end":{"line":9,"column":42}},"4":{"start":{"line":10,"column":21},"end":{"line":10,"column":34}},"5":{"start":{"line":12,"column":4},"end":{"line":16,"column":11}},"6":{"start":{"line":13,"column":8},"end":{"line":15,"column":9}},"7":{"start":{"line":14,"column":12},"end":{"line":14,"column":27}},"8":{"start":{"line":18,"column":21},"end":{"line":30,"column":5}},"9":{"start":{"line":19,"column":8},"end":{"line":28,"column":11}},"10":{"start":{"line":20,"column":12},"end":{"line":27,"column":13}},"11":{"start":{"line":21,"column":16},"end":{"line":21,"column":62}},"12":{"start":{"line":22,"column":16},"end":{"line":22,"column":62}},"13":{"start":{"line":23,"column":16},"end":{"line":23,"column":56}},"14":{"start":{"line":24,"column":16},"end":{"line":24,"column":31}},"15":{"start":{"line":26,"column":16},"end":{"line":26,"column":55}},"16":{"start":{"line":32,"column":21},"end":{"line":39,"column":5}},"17":{"start":{"line":33,"column":32},"end":{"line":33,"column":40}},"18":{"start":{"line":34,"column":8},"end":{"line":38,"column":9}},"19":{"start":{"line":35,"column":12},"end":{"line":35,"column":28}},"20":{"start":{"line":36,"column":15},"end":{"line":38,"column":9}},"21":{"start":{"line":37,"column":12},"end":{"line":37,"column":31}},"22":{"start":{"line":42,"column":4},"end":{"line":65,"column":5}},"23":{"start":{"line":43,"column":8},"end":{"line":43,"column":78}},"24":{"start":{"line":45,"column":8},"end":{"line":64,"column":14}}},"fnMap":{"0":{"name":"Login","decl":{"start":{"line":5,"column":9},"end":{"line":5,"column":14}},"loc":{"start":{"line":5,"column":17},"end":{"line":66,"column":1}},"line":5},"1":{"name":"(anonymous_1)","decl":{"start":{"line":12,"column":14},"end":{"line":12,"column":15}},"loc":{"start":{"line":12,"column":20},"end":{"line":16,"column":5}},"line":12},"2":{"name":"(anonymous_2)","decl":{"start":{"line":18,"column":21},"end":{"line":18,"column":22}},"loc":{"start":{"line":18,"column":27},"end":{"line":30,"column":5}},"line":18},"3":{"name":"(anonymous_3)","decl":{"start":{"line":19,"column":43},"end":{"line":19,"column":44}},"loc":{"start":{"line":19,"column":57},"end":{"line":28,"column":9}},"line":19},"4":{"name":"(anonymous_4)","decl":{"start":{"line":32,"column":21},"end":{"line":32,"column":22}},"loc":{"start":{"line":32,"column":28},"end":{"line":39,"column":5}},"line":32}},"branchMap":{"0":{"loc":{"start":{"line":13,"column":8},"end":{"line":15,"column":9}},"type":"if","locations":[{"start":{"line":13,"column":8},"end":{"line":15,"column":9}},{"start":{},"end":{}}],"line":13},"1":{"loc":{"start":{"line":20,"column":12},"end":{"line":27,"column":13}},"type":"if","locations":[{"start":{"line":20,"column":12},"end":{"line":27,"column":13}},{"start":{"line":25,"column":19},"end":{"line":27,"column":13}}],"line":20},"2":{"loc":{"start":{"line":34,"column":8},"end":{"line":38,"column":9}},"type":"if","locations":[{"start":{"line":34,"column":8},"end":{"line":38,"column":9}},{"start":{"line":36,"column":15},"end":{"line":38,"column":9}}],"line":34},"3":{"loc":{"start":{"line":36,"column":15},"end":{"line":38,"column":9}},"type":"if","locations":[{"start":{"line":36,"column":15},"end":{"line":38,"column":9}},{"start":{},"end":{}}],"line":36},"4":{"loc":{"start":{"line":42,"column":4},"end":{"line":65,"column":5}},"type":"if","locations":[{"start":{"line":42,"column":4},"end":{"line":65,"column":5}},{"start":{"line":44,"column":11},"end":{"line":65,"column":5}}],"line":42},"5":{"loc":{"start":{"line":60,"column":25},"end":{"line":60,"column":88}},"type":"binary-expr","locations":[{"start":{"line":60,"column":25},"end":{"line":60,"column":30}},{"start":{"line":60,"column":34},"end":{"line":60,"column":88}}],"line":60}},"s":{"0":0,"1":0,"2":0,"3":0,"4":0,"5":0,"6":0,"7":0,"8":0,"9":0,"10":0,"11":0,"12":0,"13":0,"14":0,"15":0,"16":0,"17":0,"18":0,"19":0,"20":0,"21":0,"22":0,"23":0,"24":0},"f":{"0":0,"1":0,"2":0,"3":0,"4":0},"b":{"0":[0,0],"1":[0,0],"2":[0,0],"3":[0,0],"4":[0,0],"5":[0,0]}}
,"/Users/agoodall/Personalproj/mot-cert-support-app-js/src/components/Logout.js": {"path":"/Users/agoodall/Personalproj/mot-cert-support-app-js/src/components/Logout.js","statementMap":{"0":{"start":{"line":5,"column":15},"end":{"line":29,"column":1}},"1":{"start":{"line":7,"column":38},"end":{"line":7,"column":52}},"2":{"start":{"line":9,"column":21},"end":{"line":9,"column":34}},"3":{"start":{"line":11,"column":4},"end":{"line":15,"column":11}},"4":{"start":{"line":12,"column":8},"end":{"line":14,"column":11}},"5":{"start":{"line":13,"column":12},"end":{"line":13,"column":35}},"6":{"start":{"line":17,"column":4},"end":{"line":28,"column":5}},"7":{"start":{"line":18,"column":8},"end":{"line":27,"column":9}},"8":{"start":{"line":19,"column":12},"end":{"line":19,"column":45}},"9":{"start":{"line":20,"column":12},"end":{"line":20,"column":45}},"10":{"start":{"line":21,"column":12},"end":{"line":21,"column":48}},"11":{"start":{"line":23,"column":12},"end":{"line":23,"column":79}},"12":{"start":{"line":25,"column":12},"end":{"line":25,"column":42}},"13":{"start":{"line":26,"column":12},"end":{"line":26,"column":82}}},"fnMap":{"0":{"name":"(anonymous_0)","decl":{"start":{"line":5,"column":15},"end":{"line":5,"column":16}},"loc":{"start":{"line":5,"column":21},"end":{"line":29,"column":1}},"line":5},"1":{"name":"(anonymous_1)","decl":{"start":{"line":11,"column":14},"end":{"line":11,"column":15}},"loc":{"start":{"line":11,"column":20},"end":{"line":15,"column":5}},"line":11},"2":{"name":"(anonymous_2)","decl":{"start":{"line":12,"column":54},"end":{"line":12,"column":55}},"loc":{"start":{"line":12,"column":68},"end":{"line":14,"column":9}},"line":12}},"branchMap":{"0":{"loc":{"start":{"line":17,"column":4},"end":{"line":28,"column":5}},"type":"if","locations":[{"start":{"line":17,"column":4},"end":{"line":28,"column":5}},{"start":{},"end":{}}],"line":17},"1":{"loc":{"start":{"line":18,"column":8},"end":{"line":27,"column":9}},"type":"if","locations":[{"start":{"line":18,"column":8},"end":{"line":27,"column":9}},{"start":{"line":24,"column":15},"end":{"line":27,"column":9}}],"line":18}},"s":{"0":0,"1":0,"2":0,"3":0,"4":0,"5":0,"6":0,"7":0,"8":0,"9":0,"10":0,"11":0,"12":0,"13":0},"f":{"0":0,"1":0,"2":0},"b":{"0":[0,0],"1":[0,0]}}
,"/Users/agoodall/Personalproj/mot-cert-support-app-js/src/components/ManageProjects.js": {"path":"/Users/agoodall/Personalproj/mot-cert-support-app-js/src/components/ManageProjects.js","statementMap":{"0":{"start":{"line":8,"column":36},"end":{"line":8,"column":48}},"1":{"start":{"line":9,"column":44},"end":{"line":12,"column":6}},"2":{"start":{"line":13,"column":30},"end":{"line":13,"column":42}},"3":{"start":{"line":15,"column":21},"end":{"line":18,"column":5}},"4":{"start":{"line":16,"column":30},"end":{"line":16,"column":38}},"5":{"start":{"line":17,"column":8},"end":{"line":17,"column":57}},"6":{"start":{"line":20,"column":23},"end":{"line":32,"column":5}},"7":{"start":{"line":21,"column":8},"end":{"line":21,"column":27}},"8":{"start":{"line":22,"column":8},"end":{"line":31,"column":11}},"9":{"start":{"line":23,"column":12},"end":{"line":30,"column":13}},"10":{"start":{"line":24,"column":16},"end":{"line":24,"column":66}},"11":{"start":{"line":25,"column":16},"end":{"line":25,"column":29}},"12":{"start":{"line":27,"column":16},"end":{"line":27,"column":30}},"13":{"start":{"line":29,"column":16},"end":{"line":29,"column":32}},"14":{"start":{"line":34,"column":26},"end":{"line":44,"column":5}},"15":{"start":{"line":35,"column":8},"end":{"line":43,"column":11}},"16":{"start":{"line":36,"column":12},"end":{"line":42,"column":13}},"17":{"start":{"line":37,"column":16},"end":{"line":37,"column":29}},"18":{"start":{"line":39,"column":16},"end":{"line":39,"column":30}},"19":{"start":{"line":41,"column":16},"end":{"line":41,"column":32}},"20":{"start":{"line":46,"column":24},"end":{"line":50,"column":5}},"21":{"start":{"line":47,"column":8},"end":{"line":49,"column":11}},"22":{"start":{"line":48,"column":12},"end":{"line":48,"column":34}},"23":{"start":{"line":52,"column":4},"end":{"line":54,"column":11}},"24":{"start":{"line":53,"column":8},"end":{"line":53,"column":22}},"25":{"start":{"line":56,"column":4},"end":{"line":109,"column":6}},"26":{"start":{"line":74,"column":40},"end":{"line":80,"column":45}},"27":{"start":{"line":78,"column":153},"end":{"line":78,"column":178}}},"fnMap":{"0":{"name":"ManageProjects","decl":{"start":{"line":6,"column":9},"end":{"line":6,"column":23}},"loc":{"start":{"line":6,"column":26},"end":{"line":110,"column":1}},"line":6},"1":{"name":"(anonymous_1)","decl":{"start":{"line":15,"column":21},"end":{"line":15,"column":22}},"loc":{"start":{"line":15,"column":28},"end":{"line":18,"column":5}},"line":15},"2":{"name":"(anonymous_2)","decl":{"start":{"line":20,"column":23},"end":{"line":20,"column":24}},"loc":{"start":{"line":20,"column":30},"end":{"line":32,"column":5}},"line":20},"3":{"name":"(anonymous_3)","decl":{"start":{"line":22,"column":76},"end":{"line":22,"column":77}},"loc":{"start":{"line":22,"column":97},"end":{"line":31,"column":9}},"line":22},"4":{"name":"(anonymous_4)","decl":{"start":{"line":34,"column":26},"end":{"line":34,"column":27}},"loc":{"start":{"line":34,"column":41},"end":{"line":44,"column":5}},"line":34},"5":{"name":"(anonymous_5)","decl":{"start":{"line":35,"column":75},"end":{"line":35,"column":76}},"loc":{"start":{"line":35,"column":96},"end":{"line":43,"column":9}},"line":35},"6":{"name":"(anonymous_6)","decl":{"start":{"line":46,"column":24},"end":{"line":46,"column":25}},"loc":{"start":{"line":46,"column":30},"end":{"line":50,"column":5}},"line":46},"7":{"name":"(anonymous_7)","decl":{"start":{"line":47,"column":62},"end":{"line":47,"column":63}},"loc":{"start":{"line":47,"column":76},"end":{"line":49,"column":9}},"line":47},"8":{"name":"(anonymous_8)","decl":{"start":{"line":52,"column":14},"end":{"line":52,"column":15}},"loc":{"start":{"line":52,"column":20},"end":{"line":54,"column":5}},"line":52},"9":{"name":"(anonymous_9)","decl":{"start":{"line":73,"column":50},"end":{"line":73,"column":51}},"loc":{"start":{"line":74,"column":40},"end":{"line":80,"column":45}},"line":74},"10":{"name":"(anonymous_10)","decl":{"start":{"line":78,"column":148},"end":{"line":78,"column":149}},"loc":{"start":{"line":78,"column":153},"end":{"line":78,"column":178}},"line":78}},"branchMap":{"0":{"loc":{"start":{"line":23,"column":12},"end":{"line":30,"column":13}},"type":"if","locations":[{"start":{"line":23,"column":12},"end":{"line":30,"column":13}},{"start":{"line":28,"column":19},"end":{"line":30,"column":13}}],"line":23},"1":{"loc":{"start":{"line":36,"column":12},"end":{"line":42,"column":13}},"type":"if","locations":[{"start":{"line":36,"column":12},"end":{"line":42,"column":13}},{"start":{"line":40,"column":19},"end":{"line":42,"column":13}}],"line":36},"2":{"loc":{"start":{"line":102,"column":33},"end":{"line":102,"column":96}},"type":"binary-expr","locations":[{"start":{"line":102,"column":33},"end":{"line":102,"column":38}},{"start":{"line":102,"column":42},"end":{"line":102,"column":96}}],"line":102}},"s":{"0":0,"1":0,"2":0,"3":0,"4":0,"5":0,"6":0,"7":0,"8":0,"9":0,"10":0,"11":0,"12":0,"13":0,"14":0,"15":0,"16":0,"17":0,"18":0,"19":0,"20":0,"21":0,"22":0,"23":0,"24":0,"25":0,"26":0,"27":0},"f":{"0":0,"1":0,"2":0,"3":0,"4":0,"5":0,"6":0,"7":0,"8":0,"9":0,"10":0},"b":{"0":[0,0],"1":[0,0],"2":[0,0]}}
,"/Users/agoodall/Personalproj/mot-cert-support-app-js/src/components/ManageUsers.js": {"path":"/Users/agoodall/Personalproj/mot-cert-support-app-js/src/components/ManageUsers.js","statementMap":{"0":{"start":{"line":8,"column":30},"end":{"line":8,"column":42}},"1":{"start":{"line":9,"column":34},"end":{"line":14,"column":6}},"2":{"start":{"line":15,"column":30},"end":{"line":15,"column":44}},"3":{"start":{"line":17,"column":21},"end":{"line":20,"column":5}},"4":{"start":{"line":18,"column":30},"end":{"line":18,"column":38}},"5":{"start":{"line":19,"column":8},"end":{"line":19,"column":48}},"6":{"start":{"line":22,"column":23},"end":{"line":42,"column":5}},"7":{"start":{"line":23,"column":8},"end":{"line":23,"column":27}},"8":{"start":{"line":25,"column":8},"end":{"line":41,"column":11}},"9":{"start":{"line":26,"column":12},"end":{"line":26,"column":32}},"10":{"start":{"line":27,"column":12},"end":{"line":40,"column":13}},"11":{"start":{"line":28,"column":16},"end":{"line":28,"column":34}},"12":{"start":{"line":29,"column":16},"end":{"line":34,"column":19}},"13":{"start":{"line":35,"column":16},"end":{"line":35,"column":31}},"14":{"start":{"line":37,"column":16},"end":{"line":37,"column":92}},"15":{"start":{"line":37,"column":75},"end":{"line":37,"column":90}},"16":{"start":{"line":39,"column":16},"end":{"line":39,"column":32}},"17":{"start":{"line":44,"column":23},"end":{"line":54,"column":5}},"18":{"start":{"line":45,"column":8},"end":{"line":53,"column":11}},"19":{"start":{"line":46,"column":12},"end":{"line":52,"column":13}},"20":{"start":{"line":47,"column":16},"end":{"line":47,"column":29}},"21":{"start":{"line":49,"column":16},"end":{"line":49,"column":92}},"22":{"start":{"line":49,"column":75},"end":{"line":49,"column":90}},"23":{"start":{"line":51,"column":16},"end":{"line":51,"column":32}},"24":{"start":{"line":56,"column":4},"end":{"line":58,"column":11}},"25":{"start":{"line":57,"column":8},"end":{"line":57,"column":84}},"26":{"start":{"line":57,"column":67},"end":{"line":57,"column":82}},"27":{"start":{"line":60,"column":4},"end":{"line":126,"column":6}},"28":{"start":{"line":79,"column":40},"end":{"line":86,"column":45}},"29":{"start":{"line":84,"column":98},"end":{"line":84,"column":117}}},"fnMap":{"0":{"name":"ManageUsers","decl":{"start":{"line":6,"column":9},"end":{"line":6,"column":20}},"loc":{"start":{"line":6,"column":23},"end":{"line":127,"column":1}},"line":6},"1":{"name":"(anonymous_1)","decl":{"start":{"line":17,"column":21},"end":{"line":17,"column":22}},"loc":{"start":{"line":17,"column":28},"end":{"line":20,"column":5}},"line":17},"2":{"name":"(anonymous_2)","decl":{"start":{"line":22,"column":23},"end":{"line":22,"column":24}},"loc":{"start":{"line":22,"column":30},"end":{"line":42,"column":5}},"line":22},"3":{"name":"(anonymous_3)","decl":{"start":{"line":25,"column":67},"end":{"line":25,"column":68}},"loc":{"start":{"line":25,"column":92},"end":{"line":41,"column":9}},"line":25},"4":{"name":"(anonymous_4)","decl":{"start":{"line":37,"column":64},"end":{"line":37,"column":65}},"loc":{"start":{"line":37,"column":75},"end":{"line":37,"column":90}},"line":37},"5":{"name":"(anonymous_5)","decl":{"start":{"line":44,"column":23},"end":{"line":44,"column":24}},"loc":{"start":{"line":44,"column":35},"end":{"line":54,"column":5}},"line":44},"6":{"name":"(anonymous_6)","decl":{"start":{"line":45,"column":66},"end":{"line":45,"column":67}},"loc":{"start":{"line":45,"column":87},"end":{"line":53,"column":9}},"line":45},"7":{"name":"(anonymous_7)","decl":{"start":{"line":49,"column":64},"end":{"line":49,"column":65}},"loc":{"start":{"line":49,"column":75},"end":{"line":49,"column":90}},"line":49},"8":{"name":"(anonymous_8)","decl":{"start":{"line":56,"column":14},"end":{"line":56,"column":15}},"loc":{"start":{"line":56,"column":20},"end":{"line":58,"column":5}},"line":56},"9":{"name":"(anonymous_9)","decl":{"start":{"line":57,"column":56},"end":{"line":57,"column":57}},"loc":{"start":{"line":57,"column":67},"end":{"line":57,"column":82}},"line":57},"10":{"name":"(anonymous_10)","decl":{"start":{"line":78,"column":47},"end":{"line":78,"column":48}},"loc":{"start":{"line":79,"column":40},"end":{"line":86,"column":45}},"line":79},"11":{"name":"(anonymous_11)","decl":{"start":{"line":84,"column":92},"end":{"line":84,"column":93}},"loc":{"start":{"line":84,"column":98},"end":{"line":84,"column":117}},"line":84}},"branchMap":{"0":{"loc":{"start":{"line":27,"column":12},"end":{"line":40,"column":13}},"type":"if","locations":[{"start":{"line":27,"column":12},"end":{"line":40,"column":13}},{"start":{"line":38,"column":19},"end":{"line":40,"column":13}}],"line":27},"1":{"loc":{"start":{"line":46,"column":12},"end":{"line":52,"column":13}},"type":"if","locations":[{"start":{"line":46,"column":12},"end":{"line":52,"column":13}},{"start":{"line":50,"column":19},"end":{"line":52,"column":13}}],"line":46},"2":{"loc":{"start":{"line":119,"column":33},"end":{"line":119,"column":96}},"type":"binary-expr","locations":[{"start":{"line":119,"column":33},"end":{"line":119,"column":38}},{"start":{"line":119,"column":42},"end":{"line":119,"column":96}}],"line":119}},"s":{"0":0,"1":0,"2":0,"3":0,"4":0,"5":0,"6":0,"7":0,"8":0,"9":0,"10":0,"11":0,"12":0,"13":0,"14":0,"15":0,"16":0,"17":0,"18":0,"19":0,"20":0,"21":0,"22":0,"23":0,"24":0,"25":0,"26":0,"27":0,"28":0,"29":0},"f":{"0":0,"1":0,"2":0,"3":0,"4":0,"5":0,"6":0,"7":0,"8":0,"9":0,"10":0,"11":0},"b":{"0":[0,0],"1":[0,0],"2":[0,0]}}
,"/Users/agoodall/Personalproj/mot-cert-support-app-js/src/components/PrivateRoutes.js": {"path":"/Users/agoodall/Personalproj/mot-cert-support-app-js/src/components/PrivateRoutes.js","statementMap":{"0":{"start":{"line":6,"column":22},"end":{"line":34,"column":1}},"1":{"start":{"line":7,"column":19},"end":{"line":7,"column":32}},"2":{"start":{"line":8,"column":28},"end":{"line":8,"column":42}},"3":{"start":{"line":10,"column":2},"end":{"line":18,"column":8}},"4":{"start":{"line":11,"column":4},"end":{"line":17,"column":7}},"5":{"start":{"line":12,"column":6},"end":{"line":14,"column":7}},"6":{"start":{"line":13,"column":8},"end":{"line":13,"column":29}},"7":{"start":{"line":16,"column":6},"end":{"line":16,"column":25}},"8":{"start":{"line":20,"column":2},"end":{"line":32,"column":3}},"9":{"start":{"line":21,"column":4},"end":{"line":21,"column":23}},"10":{"start":{"line":23,"column":4},"end":{"line":31,"column":5}},"11":{"start":{"line":24,"column":6},"end":{"line":28,"column":7}},"12":{"start":{"line":25,"column":8},"end":{"line":25,"column":78}},"13":{"start":{"line":27,"column":8},"end":{"line":27,"column":25}},"14":{"start":{"line":30,"column":6},"end":{"line":30,"column":73}}},"fnMap":{"0":{"name":"(anonymous_0)","decl":{"start":{"line":6,"column":22},"end":{"line":6,"column":23}},"loc":{"start":{"line":6,"column":28},"end":{"line":34,"column":1}},"line":6},"1":{"name":"(anonymous_1)","decl":{"start":{"line":10,"column":12},"end":{"line":10,"column":13}},"loc":{"start":{"line":10,"column":18},"end":{"line":18,"column":3}},"line":10},"2":{"name":"(anonymous_2)","decl":{"start":{"line":11,"column":57},"end":{"line":11,"column":58}},"loc":{"start":{"line":11,"column":71},"end":{"line":17,"column":5}},"line":11}},"branchMap":{"0":{"loc":{"start":{"line":12,"column":6},"end":{"line":14,"column":7}},"type":"if","locations":[{"start":{"line":12,"column":6},"end":{"line":14,"column":7}},{"start":{},"end":{}}],"line":12},"1":{"loc":{"start":{"line":20,"column":2},"end":{"line":32,"column":3}},"type":"if","locations":[{"start":{"line":20,"column":2},"end":{"line":32,"column":3}},{"start":{"line":22,"column":9},"end":{"line":32,"column":3}}],"line":20},"2":{"loc":{"start":{"line":23,"column":4},"end":{"line":31,"column":5}},"type":"if","locations":[{"start":{"line":23,"column":4},"end":{"line":31,"column":5}},{"start":{"line":29,"column":11},"end":{"line":31,"column":5}}],"line":23},"3":{"loc":{"start":{"line":24,"column":6},"end":{"line":28,"column":7}},"type":"if","locations":[{"start":{"line":24,"column":6},"end":{"line":28,"column":7}},{"start":{"line":26,"column":13},"end":{"line":28,"column":7}}],"line":24}},"s":{"0":0,"1":0,"2":0,"3":0,"4":0,"5":0,"6":0,"7":0,"8":0,"9":0,"10":0,"11":0,"12":0,"13":0,"14":0},"f":{"0":0,"1":0,"2":0},"b":{"0":[0,0],"1":[0,0],"2":[0,0],"3":[0,0]}}
,"/Users/agoodall/Personalproj/mot-cert-support-app-js/src/components/Profile.js": {"path":"/Users/agoodall/Personalproj/mot-cert-support-app-js/src/components/Profile.js","statementMap":{"0":{"start":{"line":8,"column":48},"end":{"line":12,"column":6}},"1":{"start":{"line":13,"column":50},"end":{"line":13,"column":62}},"2":{"start":{"line":14,"column":30},"end":{"line":14,"column":42}},"3":{"start":{"line":15,"column":34},"end":{"line":15,"column":46}},"4":{"start":{"line":16,"column":32},"end":{"line":16,"column":44}},"5":{"start":{"line":18,"column":21},"end":{"line":26,"column":5}},"6":{"start":{"line":19,"column":30},"end":{"line":19,"column":38}},"7":{"start":{"line":20,"column":8},"end":{"line":25,"column":9}},"8":{"start":{"line":21,"column":12},"end":{"line":21,"column":38}},"9":{"start":{"line":24,"column":12},"end":{"line":24,"column":66}},"10":{"start":{"line":28,"column":26},"end":{"line":47,"column":5}},"11":{"start":{"line":29,"column":8},"end":{"line":29,"column":27}},"12":{"start":{"line":31,"column":8},"end":{"line":46,"column":9}},"13":{"start":{"line":32,"column":12},"end":{"line":32,"column":27}},"14":{"start":{"line":33,"column":12},"end":{"line":33,"column":48}},"15":{"start":{"line":36,"column":12},"end":{"line":45,"column":15}},"16":{"start":{"line":37,"column":16},"end":{"line":44,"column":17}},"17":{"start":{"line":38,"column":20},"end":{"line":38,"column":64}},"18":{"start":{"line":39,"column":20},"end":{"line":39,"column":43}},"19":{"start":{"line":40,"column":20},"end":{"line":40,"column":33}},"20":{"start":{"line":42,"column":20},"end":{"line":42,"column":35}},"21":{"start":{"line":43,"column":20},"end":{"line":43,"column":36}},"22":{"start":{"line":49,"column":4},"end":{"line":59,"column":11}},"23":{"start":{"line":50,"column":22},"end":{"line":50,"column":51}},"24":{"start":{"line":51,"column":19},"end":{"line":51,"column":45}},"25":{"start":{"line":53,"column":8},"end":{"line":56,"column":11}},"26":{"start":{"line":54,"column":12},"end":{"line":54,"column":26}},"27":{"start":{"line":55,"column":12},"end":{"line":55,"column":46}},"28":{"start":{"line":61,"column":4},"end":{"line":96,"column":6}}},"fnMap":{"0":{"name":"Profile","decl":{"start":{"line":6,"column":9},"end":{"line":6,"column":16}},"loc":{"start":{"line":6,"column":19},"end":{"line":97,"column":1}},"line":6},"1":{"name":"(anonymous_1)","decl":{"start":{"line":18,"column":21},"end":{"line":18,"column":22}},"loc":{"start":{"line":18,"column":28},"end":{"line":26,"column":5}},"line":18},"2":{"name":"(anonymous_2)","decl":{"start":{"line":28,"column":26},"end":{"line":28,"column":27}},"loc":{"start":{"line":28,"column":33},"end":{"line":47,"column":5}},"line":28},"3":{"name":"(anonymous_3)","decl":{"start":{"line":36,"column":89},"end":{"line":36,"column":90}},"loc":{"start":{"line":36,"column":110},"end":{"line":45,"column":13}},"line":36},"4":{"name":"(anonymous_4)","decl":{"start":{"line":49,"column":14},"end":{"line":49,"column":15}},"loc":{"start":{"line":49,"column":20},"end":{"line":59,"column":5}},"line":49},"5":{"name":"(anonymous_5)","decl":{"start":{"line":53,"column":38},"end":{"line":53,"column":39}},"loc":{"start":{"line":53,"column":58},"end":{"line":56,"column":9}},"line":53}},"branchMap":{"0":{"loc":{"start":{"line":20,"column":8},"end":{"line":25,"column":9}},"type":"if","locations":[{"start":{"line":20,"column":8},"end":{"line":25,"column":9}},{"start":{"line":23,"column":13},"end":{"line":25,"column":9}}],"line":20},"1":{"loc":{"start":{"line":31,"column":8},"end":{"line":46,"column":9}},"type":"if","locations":[{"start":{"line":31,"column":8},"end":{"line":46,"column":9}},{"start":{"line":34,"column":15},"end":{"line":46,"column":9}}],"line":31},"2":{"loc":{"start":{"line":37,"column":16},"end":{"line":44,"column":17}},"type":"if","locations":[{"start":{"line":37,"column":16},"end":{"line":44,"column":17}},{"start":{"line":41,"column":23},"end":{"line":44,"column":17}}],"line":37},"3":{"loc":{"start":{"line":88,"column":33},"end":{"line":88,"column":96}},"type":"binary-expr","locations":[{"start":{"line":88,"column":33},"end":{"line":88,"column":38}},{"start":{"line":88,"column":42},"end":{"line":88,"column":96}}],"line":88},"4":{"loc":{"start":{"line":89,"column":33},"end":{"line":89,"column":101}},"type":"binary-expr","locations":[{"start":{"line":89,"column":33},"end":{"line":89,"column":40}},{"start":{"line":89,"column":44},"end":{"line":89,"column":101}}],"line":89}},"s":{"0":0,"1":0,"2":0,"3":0,"4":0,"5":0,"6":0,"7":0,"8":0,"9":0,"10":0,"11":0,"12":0,"13":0,"14":0,"15":0,"16":0,"17":0,"18":0,"19":0,"20":0,"21":0,"22":0,"23":0,"24":0,"25":0,"26":0,"27":0,"28":0},"f":{"0":0,"1":0,"2":0,"3":0,"4":0,"5":0},"b":{"0":[0,0],"1":[0,0],"2":[0,0],"3":[0,0],"4":[0,0]}}
,"/Users/agoodall/Personalproj/mot-cert-support-app-js/src/components/ProjectList.js": {"path":"/Users/agoodall/Personalproj/mot-cert-support-app-js/src/components/ProjectList.js","statementMap":{"0":{"start":{"line":9,"column":36},"end":{"line":9,"column":48}},"1":{"start":{"line":10,"column":34},"end":{"line":10,"column":48}},"2":{"start":{"line":12,"column":4},"end":{"line":18,"column":10}},"3":{"start":{"line":13,"column":8},"end":{"line":13,"column":61}},"4":{"start":{"line":15,"column":8},"end":{"line":17,"column":11}},"5":{"start":{"line":16,"column":12},"end":{"line":16,"column":34}},"6":{"start":{"line":20,"column":4},"end":{"line":78,"column":5}},"7":{"start":{"line":21,"column":8},"end":{"line":54,"column":10}},"8":{"start":{"line":32,"column":40},"end":{"line":34,"column":45}},"9":{"start":{"line":56,"column":8},"end":{"line":77,"column":10}},"10":{"start":{"line":67,"column":40},"end":{"line":69,"column":45}}},"fnMap":{"0":{"name":"ProjectList","decl":{"start":{"line":7,"column":9},"end":{"line":7,"column":20}},"loc":{"start":{"line":7,"column":23},"end":{"line":79,"column":1}},"line":7},"1":{"name":"(anonymous_1)","decl":{"start":{"line":12,"column":14},"end":{"line":12,"column":15}},"loc":{"start":{"line":12,"column":20},"end":{"line":18,"column":5}},"line":12},"2":{"name":"(anonymous_2)","decl":{"start":{"line":15,"column":62},"end":{"line":15,"column":63}},"loc":{"start":{"line":15,"column":76},"end":{"line":17,"column":9}},"line":15},"3":{"name":"(anonymous_3)","decl":{"start":{"line":31,"column":50},"end":{"line":31,"column":51}},"loc":{"start":{"line":32,"column":40},"end":{"line":34,"column":45}},"line":32},"4":{"name":"(anonymous_4)","decl":{"start":{"line":66,"column":50},"end":{"line":66,"column":51}},"loc":{"start":{"line":67,"column":40},"end":{"line":69,"column":45}},"line":67}},"branchMap":{"0":{"loc":{"start":{"line":20,"column":4},"end":{"line":78,"column":5}},"type":"if","locations":[{"start":{"line":20,"column":4},"end":{"line":78,"column":5}},{"start":{"line":55,"column":11},"end":{"line":78,"column":5}}],"line":20}},"s":{"0":3,"1":3,"2":3,"3":1,"4":1,"5":1,"6":3,"7":1,"8":0,"9":2,"10":2},"f":{"0":3,"1":1,"2":1,"3":0,"4":2},"b":{"0":[1,2]},"_coverageSchema":"1a1c01bbd47fc00a2c39e90264f33305004495a9","hash":"bbfa48b10bf50ed53f8a8a34d4f0c3c41ad33ca6"}
,"/Users/agoodall/Personalproj/mot-cert-support-app-js/src/components/ProjectTimesheet.js": {"path":"/Users/agoodall/Personalproj/mot-cert-support-app-js/src/components/ProjectTimesheet.js","statementMap":{"0":{"start":{"line":9,"column":34},"end":{"line":14,"column":6}},"1":{"start":{"line":16,"column":30},"end":{"line":20,"column":6}},"2":{"start":{"line":22,"column":30},"end":{"line":22,"column":42}},"3":{"start":{"line":24,"column":17},"end":{"line":24,"column":28}},"4":{"start":{"line":26,"column":30},"end":{"line":30,"column":5}},"5":{"start":{"line":27,"column":8},"end":{"line":29,"column":11}},"6":{"start":{"line":28,"column":12},"end":{"line":28,"column":39}},"7":{"start":{"line":32,"column":21},"end":{"line":35,"column":5}},"8":{"start":{"line":33,"column":30},"end":{"line":33,"column":38}},"9":{"start":{"line":34,"column":8},"end":{"line":34,"column":44}},"10":{"start":{"line":37,"column":21},"end":{"line":53,"column":5}},"11":{"start":{"line":38,"column":8},"end":{"line":38,"column":27}},"12":{"start":{"line":40,"column":8},"end":{"line":52,"column":11}},"13":{"start":{"line":41,"column":12},"end":{"line":51,"column":13}},"14":{"start":{"line":42,"column":16},"end":{"line":42,"column":36}},"15":{"start":{"line":43,"column":16},"end":{"line":47,"column":19}},"16":{"start":{"line":48,"column":16},"end":{"line":48,"column":29}},"17":{"start":{"line":50,"column":16},"end":{"line":50,"column":32}},"18":{"start":{"line":55,"column":21},"end":{"line":64,"column":5}},"19":{"start":{"line":56,"column":8},"end":{"line":63,"column":11}},"20":{"start":{"line":57,"column":12},"end":{"line":62,"column":13}},"21":{"start":{"line":58,"column":16},"end":{"line":58,"column":36}},"22":{"start":{"line":59,"column":16},"end":{"line":59,"column":29}},"23":{"start":{"line":61,"column":16},"end":{"line":61,"column":32}},"24":{"start":{"line":66,"column":4},"end":{"line":69,"column":11}},"25":{"start":{"line":67,"column":8},"end":{"line":67,"column":27}},"26":{"start":{"line":71,"column":4},"end":{"line":133,"column":6}},"27":{"start":{"line":91,"column":40},"end":{"line":98,"column":42}},"28":{"start":{"line":96,"column":101},"end":{"line":96,"column":119}}},"fnMap":{"0":{"name":"ProjectTimesheet","decl":{"start":{"line":7,"column":9},"end":{"line":7,"column":25}},"loc":{"start":{"line":7,"column":28},"end":{"line":134,"column":1}},"line":7},"1":{"name":"(anonymous_1)","decl":{"start":{"line":26,"column":30},"end":{"line":26,"column":31}},"loc":{"start":{"line":26,"column":36},"end":{"line":30,"column":5}},"line":26},"2":{"name":"(anonymous_2)","decl":{"start":{"line":27,"column":69},"end":{"line":27,"column":70}},"loc":{"start":{"line":27,"column":89},"end":{"line":29,"column":9}},"line":27},"3":{"name":"(anonymous_3)","decl":{"start":{"line":32,"column":21},"end":{"line":32,"column":22}},"loc":{"start":{"line":32,"column":28},"end":{"line":35,"column":5}},"line":32},"4":{"name":"(anonymous_4)","decl":{"start":{"line":37,"column":21},"end":{"line":37,"column":22}},"loc":{"start":{"line":37,"column":28},"end":{"line":53,"column":5}},"line":37},"5":{"name":"(anonymous_5)","decl":{"start":{"line":40,"column":71},"end":{"line":40,"column":72}},"loc":{"start":{"line":40,"column":92},"end":{"line":52,"column":9}},"line":40},"6":{"name":"(anonymous_6)","decl":{"start":{"line":55,"column":21},"end":{"line":55,"column":22}},"loc":{"start":{"line":55,"column":34},"end":{"line":64,"column":5}},"line":55},"7":{"name":"(anonymous_7)","decl":{"start":{"line":56,"column":75},"end":{"line":56,"column":76}},"loc":{"start":{"line":56,"column":96},"end":{"line":63,"column":9}},"line":56},"8":{"name":"(anonymous_8)","decl":{"start":{"line":66,"column":14},"end":{"line":66,"column":15}},"loc":{"start":{"line":66,"column":20},"end":{"line":69,"column":5}},"line":66},"9":{"name":"(anonymous_9)","decl":{"start":{"line":90,"column":57},"end":{"line":90,"column":58}},"loc":{"start":{"line":90,"column":68},"end":{"line":99,"column":37}},"line":90},"10":{"name":"(anonymous_10)","decl":{"start":{"line":96,"column":96},"end":{"line":96,"column":97}},"loc":{"start":{"line":96,"column":101},"end":{"line":96,"column":119}},"line":96}},"branchMap":{"0":{"loc":{"start":{"line":41,"column":12},"end":{"line":51,"column":13}},"type":"if","locations":[{"start":{"line":41,"column":12},"end":{"line":51,"column":13}},{"start":{"line":49,"column":19},"end":{"line":51,"column":13}}],"line":41},"1":{"loc":{"start":{"line":57,"column":12},"end":{"line":62,"column":13}},"type":"if","locations":[{"start":{"line":57,"column":12},"end":{"line":62,"column":13}},{"start":{"line":60,"column":19},"end":{"line":62,"column":13}}],"line":57},"2":{"loc":{"start":{"line":125,"column":33},"end":{"line":125,"column":96}},"type":"binary-expr","locations":[{"start":{"line":125,"column":33},"end":{"line":125,"column":38}},{"start":{"line":125,"column":42},"end":{"line":125,"column":96}}],"line":125}},"s":{"0":0,"1":0,"2":0,"3":0,"4":0,"5":0,"6":0,"7":0,"8":0,"9":0,"10":0,"11":0,"12":0,"13":0,"14":0,"15":0,"16":0,"17":0,"18":0,"19":0,"20":0,"21":0,"22":0,"23":0,"24":0,"25":0,"26":0,"27":0,"28":0},"f":{"0":0,"1":0,"2":0,"3":0,"4":0,"5":0,"6":0,"7":0,"8":0,"9":0,"10":0},"b":{"0":[0,0],"1":[0,0],"2":[0,0]}}
,"/Users/agoodall/Personalproj/mot-cert-support-app-js/src/components/Report.js": {"path":"/Users/agoodall/Personalproj/mot-cert-support-app-js/src/components/Report.js","statementMap":{"0":{"start":{"line":9,"column":38},"end":{"line":9,"column":50}},"1":{"start":{"line":10,"column":30},"end":{"line":10,"column":41}},"2":{"start":{"line":12,"column":4},"end":{"line":17,"column":11}},"3":{"start":{"line":13,"column":8},"end":{"line":16,"column":11}},"4":{"start":{"line":14,"column":12},"end":{"line":14,"column":45}},"5":{"start":{"line":15,"column":12},"end":{"line":15,"column":38}},"6":{"start":{"line":19,"column":4},"end":{"line":43,"column":6}}},"fnMap":{"0":{"name":"Report","decl":{"start":{"line":7,"column":9},"end":{"line":7,"column":15}},"loc":{"start":{"line":7,"column":18},"end":{"line":44,"column":1}},"line":7},"1":{"name":"(anonymous_1)","decl":{"start":{"line":12,"column":14},"end":{"line":12,"column":15}},"loc":{"start":{"line":12,"column":20},"end":{"line":17,"column":5}},"line":12},"2":{"name":"(anonymous_2)","decl":{"start":{"line":13,"column":62},"end":{"line":13,"column":63}},"loc":{"start":{"line":13,"column":77},"end":{"line":16,"column":9}},"line":13}},"branchMap":{},"s":{"0":0,"1":0,"2":0,"3":0,"4":0,"5":0,"6":0},"f":{"0":0,"1":0,"2":0},"b":{}}
,"/Users/agoodall/Personalproj/mot-cert-support-app-js/src/requests/AuthApi.js": {"path":"/Users/agoodall/Personalproj/mot-cert-support-app-js/src/requests/AuthApi.js","statementMap":{"0":{"start":{"line":3,"column":23},"end":{"line":48,"column":1}},"1":{"start":{"line":6,"column":8},"end":{"line":17,"column":11}},"2":{"start":{"line":8,"column":12},"end":{"line":12,"column":13}},"3":{"start":{"line":9,"column":16},"end":{"line":9,"column":40}},"4":{"start":{"line":11,"column":16},"end":{"line":11,"column":31}},"5":{"start":{"line":15,"column":12},"end":{"line":15,"column":46}},"6":{"start":{"line":16,"column":12},"end":{"line":16,"column":27}},"7":{"start":{"line":21,"column":8},"end":{"line":31,"column":11}},"8":{"start":{"line":23,"column":12},"end":{"line":27,"column":13}},"9":{"start":{"line":24,"column":16},"end":{"line":24,"column":38}},"10":{"start":{"line":26,"column":16},"end":{"line":26,"column":39}},"11":{"start":{"line":30,"column":12},"end":{"line":30,"column":35}},"12":{"start":{"line":35,"column":8},"end":{"line":45,"column":11}},"13":{"start":{"line":37,"column":12},"end":{"line":41,"column":13}},"14":{"start":{"line":38,"column":16},"end":{"line":38,"column":38}},"15":{"start":{"line":40,"column":16},"end":{"line":40,"column":39}},"16":{"start":{"line":44,"column":12},"end":{"line":44,"column":35}}},"fnMap":{"0":{"name":"(anonymous_0)","decl":{"start":{"line":5,"column":16},"end":{"line":5,"column":17}},"loc":{"start":{"line":5,"column":53},"end":{"line":18,"column":5}},"line":5},"1":{"name":"(anonymous_1)","decl":{"start":{"line":7,"column":14},"end":{"line":7,"column":15}},"loc":{"start":{"line":7,"column":28},"end":{"line":13,"column":9}},"line":7},"2":{"name":"(anonymous_2)","decl":{"start":{"line":14,"column":15},"end":{"line":14,"column":16}},"loc":{"start":{"line":14,"column":22},"end":{"line":17,"column":9}},"line":14},"3":{"name":"(anonymous_3)","decl":{"start":{"line":20,"column":20},"end":{"line":20,"column":21}},"loc":{"start":{"line":20,"column":47},"end":{"line":32,"column":5}},"line":20},"4":{"name":"(anonymous_4)","decl":{"start":{"line":22,"column":14},"end":{"line":22,"column":15}},"loc":{"start":{"line":22,"column":28},"end":{"line":28,"column":9}},"line":22},"5":{"name":"(anonymous_5)","decl":{"start":{"line":29,"column":15},"end":{"line":29,"column":16}},"loc":{"start":{"line":29,"column":21},"end":{"line":31,"column":9}},"line":29},"6":{"name":"(anonymous_6)","decl":{"start":{"line":34,"column":13},"end":{"line":34,"column":14}},"loc":{"start":{"line":34,"column":40},"end":{"line":46,"column":5}},"line":34},"7":{"name":"(anonymous_7)","decl":{"start":{"line":36,"column":14},"end":{"line":36,"column":15}},"loc":{"start":{"line":36,"column":28},"end":{"line":42,"column":9}},"line":36},"8":{"name":"(anonymous_8)","decl":{"start":{"line":43,"column":15},"end":{"line":43,"column":16}},"loc":{"start":{"line":43,"column":21},"end":{"line":45,"column":9}},"line":43}},"branchMap":{"0":{"loc":{"start":{"line":8,"column":12},"end":{"line":12,"column":13}},"type":"if","locations":[{"start":{"line":8,"column":12},"end":{"line":12,"column":13}},{"start":{"line":10,"column":19},"end":{"line":12,"column":13}}],"line":8},"1":{"loc":{"start":{"line":23,"column":12},"end":{"line":27,"column":13}},"type":"if","locations":[{"start":{"line":23,"column":12},"end":{"line":27,"column":13}},{"start":{"line":25,"column":19},"end":{"line":27,"column":13}}],"line":23},"2":{"loc":{"start":{"line":37,"column":12},"end":{"line":41,"column":13}},"type":"if","locations":[{"start":{"line":37,"column":12},"end":{"line":41,"column":13}},{"start":{"line":39,"column":19},"end":{"line":41,"column":13}}],"line":37}},"s":{"0":0,"1":0,"2":0,"3":0,"4":0,"5":0,"6":0,"7":0,"8":0,"9":0,"10":0,"11":0,"12":0,"13":0,"14":0,"15":0,"16":0},"f":{"0":0,"1":0,"2":0,"3":0,"4":0,"5":0,"6":0,"7":0,"8":0},"b":{"0":[0,0],"1":[0,0],"2":[0,0]}}
,"/Users/agoodall/Personalproj/mot-cert-support-app-js/src/requests/ProjectApi.js": {"path":"/Users/agoodall/Personalproj/mot-cert-support-app-js/src/requests/ProjectApi.js","statementMap":{"0":{"start":{"line":3,"column":19},"end":{"line":115,"column":1}},"1":{"start":{"line":6,"column":8},"end":{"line":21,"column":11}},"2":{"start":{"line":12,"column":12},"end":{"line":16,"column":13}},"3":{"start":{"line":13,"column":16},"end":{"line":13,"column":40}},"4":{"start":{"line":15,"column":16},"end":{"line":15,"column":29}},"5":{"start":{"line":19,"column":12},"end":{"line":19,"column":53}},"6":{"start":{"line":20,"column":12},"end":{"line":20,"column":25}},"7":{"start":{"line":25,"column":8},"end":{"line":40,"column":11}},"8":{"start":{"line":31,"column":12},"end":{"line":35,"column":13}},"9":{"start":{"line":32,"column":16},"end":{"line":32,"column":40}},"10":{"start":{"line":34,"column":16},"end":{"line":34,"column":29}},"11":{"start":{"line":38,"column":12},"end":{"line":38,"column":52}},"12":{"start":{"line":39,"column":12},"end":{"line":39,"column":25}},"13":{"start":{"line":44,"column":8},"end":{"line":58,"column":11}},"14":{"start":{"line":50,"column":12},"end":{"line":54,"column":13}},"15":{"start":{"line":51,"column":16},"end":{"line":51,"column":31}},"16":{"start":{"line":53,"column":16},"end":{"line":53,"column":81}},"17":{"start":{"line":57,"column":12},"end":{"line":57,"column":57}},"18":{"start":{"line":62,"column":8},"end":{"line":76,"column":11}},"19":{"start":{"line":68,"column":12},"end":{"line":72,"column":13}},"20":{"start":{"line":69,"column":16},"end":{"line":69,"column":31}},"21":{"start":{"line":71,"column":16},"end":{"line":71,"column":84}},"22":{"start":{"line":75,"column":12},"end":{"line":75,"column":61}},"23":{"start":{"line":80,"column":8},"end":{"line":94,"column":11}},"24":{"start":{"line":86,"column":12},"end":{"line":90,"column":13}},"25":{"start":{"line":87,"column":16},"end":{"line":87,"column":31}},"26":{"start":{"line":89,"column":16},"end":{"line":89,"column":83}},"27":{"start":{"line":93,"column":12},"end":{"line":93,"column":59}},"28":{"start":{"line":98,"column":8},"end":{"line":112,"column":11}},"29":{"start":{"line":104,"column":12},"end":{"line":108,"column":13}},"30":{"start":{"line":105,"column":16},"end":{"line":105,"column":31}},"31":{"start":{"line":107,"column":16},"end":{"line":107,"column":86}},"32":{"start":{"line":111,"column":12},"end":{"line":111,"column":62}}},"fnMap":{"0":{"name":"(anonymous_0)","decl":{"start":{"line":5,"column":18},"end":{"line":5,"column":19}},"loc":{"start":{"line":5,"column":45},"end":{"line":22,"column":5}},"line":5},"1":{"name":"(anonymous_1)","decl":{"start":{"line":11,"column":14},"end":{"line":11,"column":15}},"loc":{"start":{"line":11,"column":28},"end":{"line":17,"column":9}},"line":11},"2":{"name":"(anonymous_2)","decl":{"start":{"line":18,"column":15},"end":{"line":18,"column":16}},"loc":{"start":{"line":18,"column":22},"end":{"line":21,"column":9}},"line":18},"3":{"name":"(anonymous_3)","decl":{"start":{"line":24,"column":21},"end":{"line":24,"column":22}},"loc":{"start":{"line":24,"column":52},"end":{"line":41,"column":5}},"line":24},"4":{"name":"(anonymous_4)","decl":{"start":{"line":30,"column":14},"end":{"line":30,"column":15}},"loc":{"start":{"line":30,"column":28},"end":{"line":36,"column":9}},"line":30},"5":{"name":"(anonymous_5)","decl":{"start":{"line":37,"column":15},"end":{"line":37,"column":16}},"loc":{"start":{"line":37,"column":22},"end":{"line":40,"column":9}},"line":37},"6":{"name":"(anonymous_6)","decl":{"start":{"line":43,"column":16},"end":{"line":43,"column":17}},"loc":{"start":{"line":43,"column":54},"end":{"line":59,"column":5}},"line":43},"7":{"name":"(anonymous_7)","decl":{"start":{"line":49,"column":14},"end":{"line":49,"column":15}},"loc":{"start":{"line":49,"column":28},"end":{"line":55,"column":9}},"line":49},"8":{"name":"(anonymous_8)","decl":{"start":{"line":56,"column":15},"end":{"line":56,"column":16}},"loc":{"start":{"line":56,"column":22},"end":{"line":58,"column":9}},"line":56},"9":{"name":"(anonymous_9)","decl":{"start":{"line":61,"column":18},"end":{"line":61,"column":19}},"loc":{"start":{"line":61,"column":58},"end":{"line":77,"column":5}},"line":61},"10":{"name":"(anonymous_10)","decl":{"start":{"line":67,"column":14},"end":{"line":67,"column":15}},"loc":{"start":{"line":67,"column":28},"end":{"line":73,"column":9}},"line":67},"11":{"name":"(anonymous_11)","decl":{"start":{"line":74,"column":15},"end":{"line":74,"column":16}},"loc":{"start":{"line":74,"column":22},"end":{"line":76,"column":9}},"line":74},"12":{"name":"(anonymous_12)","decl":{"start":{"line":79,"column":20},"end":{"line":79,"column":21}},"loc":{"start":{"line":79,"column":56},"end":{"line":95,"column":5}},"line":79},"13":{"name":"(anonymous_13)","decl":{"start":{"line":85,"column":14},"end":{"line":85,"column":15}},"loc":{"start":{"line":85,"column":28},"end":{"line":91,"column":9}},"line":85},"14":{"name":"(anonymous_14)","decl":{"start":{"line":92,"column":15},"end":{"line":92,"column":16}},"loc":{"start":{"line":92,"column":22},"end":{"line":94,"column":9}},"line":92},"15":{"name":"(anonymous_15)","decl":{"start":{"line":97,"column":20},"end":{"line":97,"column":21}},"loc":{"start":{"line":97,"column":58},"end":{"line":113,"column":5}},"line":97},"16":{"name":"(anonymous_16)","decl":{"start":{"line":103,"column":14},"end":{"line":103,"column":15}},"loc":{"start":{"line":103,"column":28},"end":{"line":109,"column":9}},"line":103},"17":{"name":"(anonymous_17)","decl":{"start":{"line":110,"column":15},"end":{"line":110,"column":16}},"loc":{"start":{"line":110,"column":22},"end":{"line":112,"column":9}},"line":110}},"branchMap":{"0":{"loc":{"start":{"line":12,"column":12},"end":{"line":16,"column":13}},"type":"if","locations":[{"start":{"line":12,"column":12},"end":{"line":16,"column":13}},{"start":{"line":14,"column":19},"end":{"line":16,"column":13}}],"line":12},"1":{"loc":{"start":{"line":31,"column":12},"end":{"line":35,"column":13}},"type":"if","locations":[{"start":{"line":31,"column":12},"end":{"line":35,"column":13}},{"start":{"line":33,"column":19},"end":{"line":35,"column":13}}],"line":31},"2":{"loc":{"start":{"line":50,"column":12},"end":{"line":54,"column":13}},"type":"if","locations":[{"start":{"line":50,"column":12},"end":{"line":54,"column":13}},{"start":{"line":52,"column":19},"end":{"line":54,"column":13}}],"line":50},"3":{"loc":{"start":{"line":68,"column":12},"end":{"line":72,"column":13}},"type":"if","locations":[{"start":{"line":68,"column":12},"end":{"line":72,"column":13}},{"start":{"line":70,"column":19},"end":{"line":72,"column":13}}],"line":68},"4":{"loc":{"start":{"line":86,"column":12},"end":{"line":90,"column":13}},"type":"if","locations":[{"start":{"line":86,"column":12},"end":{"line":90,"column":13}},{"start":{"line":88,"column":19},"end":{"line":90,"column":13}}],"line":86},"5":{"loc":{"start":{"line":104,"column":12},"end":{"line":108,"column":13}},"type":"if","locations":[{"start":{"line":104,"column":12},"end":{"line":108,"column":13}},{"start":{"line":106,"column":19},"end":{"line":108,"column":13}}],"line":104}},"s":{"0":1,"1":1,"2":1,"3":1,"4":0,"5":0,"6":0,"7":0,"8":0,"9":0,"10":0,"11":0,"12":0,"13":0,"14":0,"15":0,"16":0,"17":0,"18":0,"19":0,"20":0,"21":0,"22":0,"23":0,"24":0,"25":0,"26":0,"27":0,"28":0,"29":0,"30":0,"31":0,"32":0},"f":{"0":1,"1":1,"2":0,"3":0,"4":0,"5":0,"6":0,"7":0,"8":0,"9":0,"10":0,"11":0,"12":0,"13":0,"14":0,"15":0,"16":0,"17":0},"b":{"0":[1,0],"1":[0,0],"2":[0,0],"3":[0,0],"4":[0,0],"5":[0,0]},"_coverageSchema":"1a1c01bbd47fc00a2c39e90264f33305004495a9","hash":"faac5770e083d6accfe71859bdbffcf705932935"}
,"/Users/agoodall/Personalproj/mot-cert-support-app-js/src/requests/ReportApi.js": {"path":"/Users/agoodall/Personalproj/mot-cert-support-app-js/src/requests/ReportApi.js","statementMap":{"0":{"start":{"line":3,"column":25},"end":{"line":23,"column":1}},"1":{"start":{"line":6,"column":8},"end":{"line":21,"column":11}},"2":{"start":{"line":12,"column":12},"end":{"line":16,"column":13}},"3":{"start":{"line":13,"column":16},"end":{"line":13,"column":40}},"4":{"start":{"line":15,"column":16},"end":{"line":15,"column":31}},"5":{"start":{"line":19,"column":12},"end":{"line":19,"column":55}},"6":{"start":{"line":20,"column":12},"end":{"line":20,"column":27}}},"fnMap":{"0":{"name":"(anonymous_0)","decl":{"start":{"line":5,"column":19},"end":{"line":5,"column":20}},"loc":{"start":{"line":5,"column":46},"end":{"line":22,"column":5}},"line":5},"1":{"name":"(anonymous_1)","decl":{"start":{"line":11,"column":14},"end":{"line":11,"column":15}},"loc":{"start":{"line":11,"column":28},"end":{"line":17,"column":9}},"line":11},"2":{"name":"(anonymous_2)","decl":{"start":{"line":18,"column":15},"end":{"line":18,"column":16}},"loc":{"start":{"line":18,"column":22},"end":{"line":21,"column":9}},"line":18}},"branchMap":{"0":{"loc":{"start":{"line":12,"column":12},"end":{"line":16,"column":13}},"type":"if","locations":[{"start":{"line":12,"column":12},"end":{"line":16,"column":13}},{"start":{"line":14,"column":19},"end":{"line":16,"column":13}}],"line":12}},"s":{"0":0,"1":0,"2":0,"3":0,"4":0,"5":0,"6":0},"f":{"0":0,"1":0,"2":0},"b":{"0":[0,0]}}
,"/Users/agoodall/Personalproj/mot-cert-support-app-js/src/requests/UserApi.js": {"path":"/Users/agoodall/Personalproj/mot-cert-support-app-js/src/requests/UserApi.js","statementMap":{"0":{"start":{"line":3,"column":23},"end":{"line":97,"column":1}},"1":{"start":{"line":6,"column":8},"end":{"line":21,"column":11}},"2":{"start":{"line":12,"column":12},"end":{"line":16,"column":13}},"3":{"start":{"line":13,"column":16},"end":{"line":13,"column":40}},"4":{"start":{"line":15,"column":16},"end":{"line":15,"column":31}},"5":{"start":{"line":19,"column":12},"end":{"line":19,"column":50}},"6":{"start":{"line":20,"column":12},"end":{"line":20,"column":27}},"7":{"start":{"line":25,"column":8},"end":{"line":39,"column":11}},"8":{"start":{"line":31,"column":12},"end":{"line":35,"column":13}},"9":{"start":{"line":32,"column":16},"end":{"line":32,"column":31}},"10":{"start":{"line":34,"column":16},"end":{"line":34,"column":47}},"11":{"start":{"line":38,"column":12},"end":{"line":38,"column":56}},"12":{"start":{"line":43,"column":8},"end":{"line":57,"column":11}},"13":{"start":{"line":49,"column":12},"end":{"line":53,"column":13}},"14":{"start":{"line":50,"column":16},"end":{"line":50,"column":31}},"15":{"start":{"line":52,"column":16},"end":{"line":52,"column":47}},"16":{"start":{"line":56,"column":12},"end":{"line":56,"column":56}},"17":{"start":{"line":61,"column":8},"end":{"line":76,"column":11}},"18":{"start":{"line":67,"column":12},"end":{"line":71,"column":13}},"19":{"start":{"line":68,"column":16},"end":{"line":68,"column":40}},"20":{"start":{"line":70,"column":16},"end":{"line":70,"column":31}},"21":{"start":{"line":74,"column":12},"end":{"line":74,"column":52}},"22":{"start":{"line":75,"column":12},"end":{"line":75,"column":27}},"23":{"start":{"line":80,"column":8},"end":{"line":94,"column":11}},"24":{"start":{"line":86,"column":12},"end":{"line":90,"column":13}},"25":{"start":{"line":87,"column":16},"end":{"line":87,"column":31}},"26":{"start":{"line":89,"column":16},"end":{"line":89,"column":47}},"27":{"start":{"line":93,"column":12},"end":{"line":93,"column":59}}},"fnMap":{"0":{"name":"(anonymous_0)","decl":{"start":{"line":5,"column":15},"end":{"line":5,"column":16}},"loc":{"start":{"line":5,"column":42},"end":{"line":22,"column":5}},"line":5},"1":{"name":"(anonymous_1)","decl":{"start":{"line":11,"column":14},"end":{"line":11,"column":15}},"loc":{"start":{"line":11,"column":28},"end":{"line":17,"column":9}},"line":11},"2":{"name":"(anonymous_2)","decl":{"start":{"line":18,"column":15},"end":{"line":18,"column":16}},"loc":{"start":{"line":18,"column":22},"end":{"line":21,"column":9}},"line":18},"3":{"name":"(anonymous_3)","decl":{"start":{"line":24,"column":17},"end":{"line":24,"column":18}},"loc":{"start":{"line":24,"column":50},"end":{"line":40,"column":5}},"line":24},"4":{"name":"(anonymous_4)","decl":{"start":{"line":30,"column":14},"end":{"line":30,"column":15}},"loc":{"start":{"line":30,"column":28},"end":{"line":36,"column":9}},"line":30},"5":{"name":"(anonymous_5)","decl":{"start":{"line":37,"column":15},"end":{"line":37,"column":16}},"loc":{"start":{"line":37,"column":22},"end":{"line":39,"column":9}},"line":37},"6":{"name":"(anonymous_6)","decl":{"start":{"line":42,"column":17},"end":{"line":42,"column":18}},"loc":{"start":{"line":42,"column":52},"end":{"line":58,"column":5}},"line":42},"7":{"name":"(anonymous_7)","decl":{"start":{"line":48,"column":14},"end":{"line":48,"column":15}},"loc":{"start":{"line":48,"column":28},"end":{"line":54,"column":9}},"line":48},"8":{"name":"(anonymous_8)","decl":{"start":{"line":55,"column":15},"end":{"line":55,"column":16}},"loc":{"start":{"line":55,"column":22},"end":{"line":57,"column":9}},"line":55},"9":{"name":"(anonymous_9)","decl":{"start":{"line":60,"column":17},"end":{"line":60,"column":18}},"loc":{"start":{"line":60,"column":48},"end":{"line":77,"column":5}},"line":60},"10":{"name":"(anonymous_10)","decl":{"start":{"line":66,"column":14},"end":{"line":66,"column":15}},"loc":{"start":{"line":66,"column":28},"end":{"line":72,"column":9}},"line":66},"11":{"name":"(anonymous_11)","decl":{"start":{"line":73,"column":15},"end":{"line":73,"column":16}},"loc":{"start":{"line":73,"column":22},"end":{"line":76,"column":9}},"line":73},"12":{"name":"(anonymous_12)","decl":{"start":{"line":79,"column":20},"end":{"line":79,"column":21}},"loc":{"start":{"line":79,"column":67},"end":{"line":95,"column":5}},"line":79},"13":{"name":"(anonymous_13)","decl":{"start":{"line":85,"column":14},"end":{"line":85,"column":15}},"loc":{"start":{"line":85,"column":28},"end":{"line":91,"column":9}},"line":85},"14":{"name":"(anonymous_14)","decl":{"start":{"line":92,"column":15},"end":{"line":92,"column":16}},"loc":{"start":{"line":92,"column":22},"end":{"line":94,"column":9}},"line":92}},"branchMap":{"0":{"loc":{"start":{"line":12,"column":12},"end":{"line":16,"column":13}},"type":"if","locations":[{"start":{"line":12,"column":12},"end":{"line":16,"column":13}},{"start":{"line":14,"column":19},"end":{"line":16,"column":13}}],"line":12},"1":{"loc":{"start":{"line":31,"column":12},"end":{"line":35,"column":13}},"type":"if","locations":[{"start":{"line":31,"column":12},"end":{"line":35,"column":13}},{"start":{"line":33,"column":19},"end":{"line":35,"column":13}}],"line":31},"2":{"loc":{"start":{"line":49,"column":12},"end":{"line":53,"column":13}},"type":"if","locations":[{"start":{"line":49,"column":12},"end":{"line":53,"column":13}},{"start":{"line":51,"column":19},"end":{"line":53,"column":13}}],"line":49},"3":{"loc":{"start":{"line":67,"column":12},"end":{"line":71,"column":13}},"type":"if","locations":[{"start":{"line":67,"column":12},"end":{"line":71,"column":13}},{"start":{"line":69,"column":19},"end":{"line":71,"column":13}}],"line":67},"4":{"loc":{"start":{"line":86,"column":12},"end":{"line":90,"column":13}},"type":"if","locations":[{"start":{"line":86,"column":12},"end":{"line":90,"column":13}},{"start":{"line":88,"column":19},"end":{"line":90,"column":13}}],"line":86}},"s":{"0":0,"1":0,"2":0,"3":0,"4":0,"5":0,"6":0,"7":0,"8":0,"9":0,"10":0,"11":0,"12":0,"13":0,"14":0,"15":0,"16":0,"17":0,"18":0,"19":0,"20":0,"21":0,"22":0,"23":0,"24":0,"25":0,"26":0,"27":0},"f":{"0":0,"1":0,"2":0,"3":0,"4":0,"5":0,"6":0,"7":0,"8":0,"9":0,"10":0,"11":0,"12":0,"13":0,"14":0},"b":{"0":[0,0],"1":[0,0],"2":[0,0],"3":[0,0],"4":[0,0]}}
}
